2026-04-29T09:40:38.844+05:30  INFO 8568 --- [Reservation] [restartedMain] c.e.Reservation.ReservationApplication   : Starting ReservationApplication using Java 17.0.18 with PID 8568 (C:\Users\y.khochare\Downloads\Reservation-master\Reservation-master\Reservation\build\classes\java\main started by y.khochare in C:\Users\y.khochare\Downloads\Reservation-master)
2026-04-29T09:40:38.866+05:30 DEBUG 8568 --- [Reservation] [restartedMain] c.e.Reservation.ReservationApplication   : Running with Spring Boot v3.2.5, Spring v6.1.6
2026-04-29T09:40:38.876+05:30  INFO 8568 --- [Reservation] [restartedMain] c.e.Reservation.ReservationApplication   : No active profile set, falling back to 1 default profile: "default"
2026-04-29T09:40:39.109+05:30  INFO 8568 --- [Reservation] [restartedMain] .e.DevToolsPropertyDefaultsPostProcessor : Devtools property defaults active! Set 'spring.devtools.add-properties' to 'false' to disable
2026-04-29T09:40:39.112+05:30  INFO 8568 --- [Reservation] [restartedMain] .e.DevToolsPropertyDefaultsPostProcessor : For additional web related logging consider setting the 'logging.level.web' property to 'DEBUG'
2026-04-29T09:40:40.990+05:30  INFO 8568 --- [Reservation] [restartedMain] o.s.b.c.c.annotation.BatchRegistrar      : Finished Spring Batch infrastructure beans configuration in 29 ms.
2026-04-29T09:40:40.992+05:30  INFO 8568 --- [Reservation] [restartedMain] o.s.b.c.c.annotation.BatchRegistrar      : Bean jobRepository already defined in the application context, skipping the registration of a jobRepository
2026-04-29T09:40:40.992+05:30  INFO 8568 --- [Reservation] [restartedMain] o.s.b.c.c.annotation.BatchRegistrar      : Bean jobExplorer already defined in the application context, skipping the registration of a jobExplorer
2026-04-29T09:40:40.994+05:30  INFO 8568 --- [Reservation] [restartedMain] o.s.b.c.c.annotation.BatchRegistrar      : Bean jobLauncher already defined in the application context, skipping the registration of a jobLauncher
2026-04-29T09:40:40.994+05:30  INFO 8568 --- [Reservation] [restartedMain] o.s.b.c.c.annotation.BatchRegistrar      : Bean jobRegistry already defined in the application context, skipping the registration of a jobRegistry
2026-04-29T09:40:40.994+05:30  INFO 8568 --- [Reservation] [restartedMain] o.s.b.c.c.annotation.BatchRegistrar      : Bean jobRegistryBeanPostProcessor already defined in the application context, skipping the registration of a jobRegistryBeanPostProcessor
2026-04-29T09:40:40.994+05:30  INFO 8568 --- [Reservation] [restartedMain] o.s.b.c.c.annotation.BatchRegistrar      : Bean jobOperator already defined in the application context, skipping the registration of a jobOperator
2026-04-29T09:40:40.994+05:30  INFO 8568 --- [Reservation] [restartedMain] o.s.b.c.c.annotation.BatchRegistrar      : Finished Spring Batch infrastructure beans configuration in 2 ms.
2026-04-29T09:40:41.000+05:30  INFO 8568 --- [Reservation] [restartedMain] o.s.b.c.c.annotation.BatchRegistrar      : Bean jobRepository already defined in the application context, skipping the registration of a jobRepository
2026-04-29T09:40:41.001+05:30  INFO 8568 --- [Reservation] [restartedMain] o.s.b.c.c.annotation.BatchRegistrar      : Bean jobExplorer already defined in the application context, skipping the registration of a jobExplorer
2026-04-29T09:40:41.002+05:30  INFO 8568 --- [Reservation] [restartedMain] o.s.b.c.c.annotation.BatchRegistrar      : Bean jobLauncher already defined in the application context, skipping the registration of a jobLauncher
2026-04-29T09:40:41.002+05:30  INFO 8568 --- [Reservation] [restartedMain] o.s.b.c.c.annotation.BatchRegistrar      : Bean jobRegistry already defined in the application context, skipping the registration of a jobRegistry
2026-04-29T09:40:41.002+05:30  INFO 8568 --- [Reservation] [restartedMain] o.s.b.c.c.annotation.BatchRegistrar      : Bean jobRegistryBeanPostProcessor already defined in the application context, skipping the registration of a jobRegistryBeanPostProcessor
2026-04-29T09:40:41.002+05:30  INFO 8568 --- [Reservation] [restartedMain] o.s.b.c.c.annotation.BatchRegistrar      : Bean jobOperator already defined in the application context, skipping the registration of a jobOperator
2026-04-29T09:40:41.005+05:30  INFO 8568 --- [Reservation] [restartedMain] o.s.b.c.c.annotation.BatchRegistrar      : Finished Spring Batch infrastructure beans configuration in 4 ms.
2026-04-29T09:40:42.142+05:30  INFO 8568 --- [Reservation] [restartedMain] .s.d.r.c.RepositoryConfigurationDelegate : Bootstrapping Spring Data JPA repositories in DEFAULT mode.
2026-04-29T09:40:42.417+05:30  INFO 8568 --- [Reservation] [restartedMain] .s.d.r.c.RepositoryConfigurationDelegate : Finished Spring Data repository scanning in 250 ms. Found 6 JPA repository interfaces.
2026-04-29T09:40:43.669+05:30  WARN 8568 --- [Reservation] [restartedMain] trationDelegate$BeanPostProcessorChecker : Bean 'jobRegistry' of type [org.springframework.batch.core.configuration.support.MapJobRegistry] is not eligible for getting processed by all BeanPostProcessors (for example: not eligible for auto-proxying). Is this bean getting eagerly injected into a currently created BeanPostProcessor [jobRegistryBeanPostProcessor]? Check the corresponding BeanPostProcessor declaration and its dependencies.
2026-04-29T09:40:44.992+05:30  INFO 8568 --- [Reservation] [restartedMain] o.s.b.w.embedded.tomcat.TomcatWebServer  : Tomcat initialized with port 8080 (http)
2026-04-29T09:40:45.043+05:30  INFO 8568 --- [Reservation] [restartedMain] o.apache.catalina.core.StandardService   : Starting service [Tomcat]
2026-04-29T09:40:45.045+05:30  INFO 8568 --- [Reservation] [restartedMain] o.apache.catalina.core.StandardEngine    : Starting Servlet engine: [Apache Tomcat/10.1.20]
2026-04-29T09:40:45.352+05:30  INFO 8568 --- [Reservation] [restartedMain] o.a.c.c.C.[Tomcat].[localhost].[/]       : Initializing Spring embedded WebApplicationContext
2026-04-29T09:40:45.354+05:30  INFO 8568 --- [Reservation] [restartedMain] w.s.c.ServletWebServerApplicationContext : Root WebApplicationContext: initialization completed in 6238 ms
2026-04-29T09:40:45.942+05:30  INFO 8568 --- [Reservation] [restartedMain] o.hibernate.jpa.internal.util.LogHelper  : HHH000204: Processing PersistenceUnitInfo [name: default]
2026-04-29T09:40:46.229+05:30  INFO 8568 --- [Reservation] [restartedMain] org.hibernate.Version                    : HHH000412: Hibernate ORM core version 6.4.4.Final
2026-04-29T09:40:46.352+05:30  INFO 8568 --- [Reservation] [restartedMain] o.h.c.internal.RegionFactoryInitiator    : HHH000026: Second-level cache disabled
2026-04-29T09:40:47.244+05:30  INFO 8568 --- [Reservation] [restartedMain] o.s.o.j.p.SpringPersistenceUnitInfo      : No LoadTimeWeaver setup: ignoring JPA class transformer
2026-04-29T09:40:47.341+05:30  INFO 8568 --- [Reservation] [restartedMain] com.zaxxer.hikari.HikariDataSource       : HikariPool-1 - Starting...
2026-04-29T09:40:48.184+05:30  INFO 8568 --- [Reservation] [restartedMain] com.zaxxer.hikari.pool.HikariPool        : HikariPool-1 - Added connection com.mysql.cj.jdbc.ConnectionImpl@293de0ec
2026-04-29T09:40:48.191+05:30  INFO 8568 --- [Reservation] [restartedMain] com.zaxxer.hikari.HikariDataSource       : HikariPool-1 - Start completed.
2026-04-29T09:40:48.370+05:30  WARN 8568 --- [Reservation] [restartedMain] org.hibernate.orm.deprecation            : HHH90000025: MySQLDialect does not need to be specified explicitly using 'hibernate.dialect' (remove the property setting and it will be selected by default)
2026-04-29T09:40:51.106+05:30  INFO 8568 --- [Reservation] [restartedMain] o.h.e.t.j.p.i.JtaPlatformInitiator       : HHH000489: No JTA platform available (set 'hibernate.transaction.jta.platform' to enable JTA platform integration)
2026-04-29T09:40:51.501+05:30  INFO 8568 --- [Reservation] [restartedMain] j.LocalContainerEntityManagerFactoryBean : Initialized JPA EntityManagerFactory for persistence unit 'default'
2026-04-29T09:40:51.633+05:30  INFO 8568 --- [Reservation] [restartedMain] o.s.b.c.r.s.JobRepositoryFactoryBean     : No database type set, using meta data indicating: MYSQL
2026-04-29T09:40:51.682+05:30  INFO 8568 --- [Reservation] [restartedMain] o.s.b.c.l.support.SimpleJobLauncher      : No TaskExecutor has been set, defaulting to synchronous executor.
2026-04-29T09:40:52.722+05:30  INFO 8568 --- [Reservation] [restartedMain] o.s.d.j.r.query.QueryEnhancerFactory     : Hibernate is in classpath; If applicable, HQL parser will be used.
2026-04-29T09:40:53.265+05:30  INFO 8568 --- [Reservation] [restartedMain] .c.a.BatchObservabilityBeanPostProcessor : No Micrometer observation registry found, defaulting to ObservationRegistry.NOOP
2026-04-29T09:40:53.413+05:30  INFO 8568 --- [Reservation] [restartedMain] .c.a.BatchObservabilityBeanPostProcessor : No Micrometer observation registry found, defaulting to ObservationRegistry.NOOP
2026-04-29T09:40:54.696+05:30  INFO 8568 --- [Reservation] [restartedMain] .c.a.BatchObservabilityBeanPostProcessor : No Micrometer observation registry found, defaulting to ObservationRegistry.NOOP
2026-04-29T09:40:54.700+05:30  INFO 8568 --- [Reservation] [restartedMain] .c.a.BatchObservabilityBeanPostProcessor : No Micrometer observation registry found, defaulting to ObservationRegistry.NOOP
2026-04-29T09:40:54.747+05:30  INFO 8568 --- [Reservation] [restartedMain] .c.a.BatchObservabilityBeanPostProcessor : No Micrometer observation registry found, defaulting to ObservationRegistry.NOOP
2026-04-29T09:40:54.755+05:30  INFO 8568 --- [Reservation] [restartedMain] .c.a.BatchObservabilityBeanPostProcessor : No Micrometer observation registry found, defaulting to ObservationRegistry.NOOP
2026-04-29T09:40:55.622+05:30  WARN 8568 --- [Reservation] [restartedMain] JpaBaseConfiguration$JpaWebConfiguration : spring.jpa.open-in-view is enabled by default. Therefore, database queries may be performed during view rendering. Explicitly configure spring.jpa.open-in-view to disable this warning
2026-04-29T09:40:57.108+05:30  INFO 8568 --- [Reservation] [restartedMain] o.s.b.d.a.OptionalLiveReloadServer       : LiveReload server is running on port 35729
2026-04-29T09:40:57.254+05:30  INFO 8568 --- [Reservation] [restartedMain] o.s.b.w.embedded.tomcat.TomcatWebServer  : Tomcat started on port 8080 (http) with context path ''
2026-04-29T09:40:57.302+05:30  INFO 8568 --- [Reservation] [restartedMain] c.e.Reservation.ReservationApplication   : Started ReservationApplication in 19.707 seconds (process running for 20.866)
2026-04-29T10:19:01.016+05:30  INFO 19524 --- [Reservation] [restartedMain] c.e.Reservation.ReservationApplication   : Starting ReservationApplication using Java 17.0.18 with PID 19524 (C:\Users\y.khochare\Downloads\Reservation-master\Reservation-master\Reservation\build\classes\java\main started by y.khochare in C:\Users\y.khochare\Downloads\Reservation-master)
2026-04-29T10:19:01.020+05:30 DEBUG 19524 --- [Reservation] [restartedMain] c.e.Reservation.ReservationApplication   : Running with Spring Boot v3.2.5, Spring v6.1.6
2026-04-29T10:19:01.021+05:30  INFO 19524 --- [Reservation] [restartedMain] c.e.Reservation.ReservationApplication   : No active profile set, falling back to 1 default profile: "default"
2026-04-29T10:19:01.082+05:30  INFO 19524 --- [Reservation] [restartedMain] .e.DevToolsPropertyDefaultsPostProcessor : Devtools property defaults active! Set 'spring.devtools.add-properties' to 'false' to disable
2026-04-29T10:19:01.082+05:30  INFO 19524 --- [Reservation] [restartedMain] .e.DevToolsPropertyDefaultsPostProcessor : For additional web related logging consider setting the 'logging.level.web' property to 'DEBUG'
2026-04-29T10:19:01.641+05:30  INFO 19524 --- [Reservation] [restartedMain] o.s.b.c.c.annotation.BatchRegistrar      : Finished Spring Batch infrastructure beans configuration in 6 ms.
2026-04-29T10:19:01.641+05:30  INFO 19524 --- [Reservation] [restartedMain] o.s.b.c.c.annotation.BatchRegistrar      : Bean jobRepository already defined in the application context, skipping the registration of a jobRepository
2026-04-29T10:19:01.641+05:30  INFO 19524 --- [Reservation] [restartedMain] o.s.b.c.c.annotation.BatchRegistrar      : Bean jobExplorer already defined in the application context, skipping the registration of a jobExplorer
2026-04-29T10:19:01.651+05:30  INFO 19524 --- [Reservation] [restartedMain] o.s.b.c.c.annotation.BatchRegistrar      : Bean jobLauncher already defined in the application context, skipping the registration of a jobLauncher
2026-04-29T10:19:01.651+05:30  INFO 19524 --- [Reservation] [restartedMain] o.s.b.c.c.annotation.BatchRegistrar      : Bean jobRegistry already defined in the application context, skipping the registration of a jobRegistry
2026-04-29T10:19:01.651+05:30  INFO 19524 --- [Reservation] [restartedMain] o.s.b.c.c.annotation.BatchRegistrar      : Bean jobRegistryBeanPostProcessor already defined in the application context, skipping the registration of a jobRegistryBeanPostProcessor
2026-04-29T10:19:01.651+05:30  INFO 19524 --- [Reservation] [restartedMain] o.s.b.c.c.annotation.BatchRegistrar      : Bean jobOperator already defined in the application context, skipping the registration of a jobOperator
2026-04-29T10:19:01.651+05:30  INFO 19524 --- [Reservation] [restartedMain] o.s.b.c.c.annotation.BatchRegistrar      : Finished Spring Batch infrastructure beans configuration in 0 ms.
2026-04-29T10:19:01.651+05:30  INFO 19524 --- [Reservation] [restartedMain] o.s.b.c.c.annotation.BatchRegistrar      : Bean jobRepository already defined in the application context, skipping the registration of a jobRepository
2026-04-29T10:19:01.651+05:30  INFO 19524 --- [Reservation] [restartedMain] o.s.b.c.c.annotation.BatchRegistrar      : Bean jobExplorer already defined in the application context, skipping the registration of a jobExplorer
2026-04-29T10:19:01.651+05:30  INFO 19524 --- [Reservation] [restartedMain] o.s.b.c.c.annotation.BatchRegistrar      : Bean jobLauncher already defined in the application context, skipping the registration of a jobLauncher
2026-04-29T10:19:01.651+05:30  INFO 19524 --- [Reservation] [restartedMain] o.s.b.c.c.annotation.BatchRegistrar      : Bean jobRegistry already defined in the application context, skipping the registration of a jobRegistry
2026-04-29T10:19:01.651+05:30  INFO 19524 --- [Reservation] [restartedMain] o.s.b.c.c.annotation.BatchRegistrar      : Bean jobRegistryBeanPostProcessor already defined in the application context, skipping the registration of a jobRegistryBeanPostProcessor
2026-04-29T10:19:01.651+05:30  INFO 19524 --- [Reservation] [restartedMain] o.s.b.c.c.annotation.BatchRegistrar      : Bean jobOperator already defined in the application context, skipping the registration of a jobOperator
2026-04-29T10:19:01.651+05:30  INFO 19524 --- [Reservation] [restartedMain] o.s.b.c.c.annotation.BatchRegistrar      : Finished Spring Batch infrastructure beans configuration in 0 ms.
2026-04-29T10:19:01.945+05:30  INFO 19524 --- [Reservation] [restartedMain] .s.d.r.c.RepositoryConfigurationDelegate : Bootstrapping Spring Data JPA repositories in DEFAULT mode.
2026-04-29T10:19:02.021+05:30  INFO 19524 --- [Reservation] [restartedMain] .s.d.r.c.RepositoryConfigurationDelegate : Finished Spring Data repository scanning in 71 ms. Found 6 JPA repository interfaces.
2026-04-29T10:19:02.381+05:30  WARN 19524 --- [Reservation] [restartedMain] trationDelegate$BeanPostProcessorChecker : Bean 'jobRegistry' of type [org.springframework.batch.core.configuration.support.MapJobRegistry] is not eligible for getting processed by all BeanPostProcessors (for example: not eligible for auto-proxying). Is this bean getting eagerly injected into a currently created BeanPostProcessor [jobRegistryBeanPostProcessor]? Check the corresponding BeanPostProcessor declaration and its dependencies.
2026-04-29T10:19:02.691+05:30  INFO 19524 --- [Reservation] [restartedMain] o.s.b.w.embedded.tomcat.TomcatWebServer  : Tomcat initialized with port 8080 (http)
2026-04-29T10:19:02.711+05:30  INFO 19524 --- [Reservation] [restartedMain] o.apache.catalina.core.StandardService   : Starting service [Tomcat]
2026-04-29T10:19:02.711+05:30  INFO 19524 --- [Reservation] [restartedMain] o.apache.catalina.core.StandardEngine    : Starting Servlet engine: [Apache Tomcat/10.1.20]
2026-04-29T10:19:02.781+05:30  INFO 19524 --- [Reservation] [restartedMain] o.a.c.c.C.[Tomcat].[localhost].[/]       : Initializing Spring embedded WebApplicationContext
2026-04-29T10:19:02.781+05:30  INFO 19524 --- [Reservation] [restartedMain] w.s.c.ServletWebServerApplicationContext : Root WebApplicationContext: initialization completed in 1699 ms
2026-04-29T10:19:02.971+05:30  INFO 19524 --- [Reservation] [restartedMain] o.hibernate.jpa.internal.util.LogHelper  : HHH000204: Processing PersistenceUnitInfo [name: default]
2026-04-29T10:19:03.048+05:30  INFO 19524 --- [Reservation] [restartedMain] org.hibernate.Version                    : HHH000412: Hibernate ORM core version 6.4.4.Final
2026-04-29T10:19:03.083+05:30  INFO 19524 --- [Reservation] [restartedMain] o.h.c.internal.RegionFactoryInitiator    : HHH000026: Second-level cache disabled
2026-04-29T10:19:03.364+05:30  INFO 19524 --- [Reservation] [restartedMain] o.s.o.j.p.SpringPersistenceUnitInfo      : No LoadTimeWeaver setup: ignoring JPA class transformer
2026-04-29T10:19:03.396+05:30  INFO 19524 --- [Reservation] [restartedMain] com.zaxxer.hikari.HikariDataSource       : HikariPool-1 - Starting...
2026-04-29T10:19:03.661+05:30  INFO 19524 --- [Reservation] [restartedMain] com.zaxxer.hikari.pool.HikariPool        : HikariPool-1 - Added connection com.mysql.cj.jdbc.ConnectionImpl@5f1b1be0
2026-04-29T10:19:03.671+05:30  INFO 19524 --- [Reservation] [restartedMain] com.zaxxer.hikari.HikariDataSource       : HikariPool-1 - Start completed.
2026-04-29T10:19:03.724+05:30  WARN 19524 --- [Reservation] [restartedMain] org.hibernate.orm.deprecation            : HHH90000025: MySQLDialect does not need to be specified explicitly using 'hibernate.dialect' (remove the property setting and it will be selected by default)
2026-04-29T10:19:04.681+05:30  INFO 19524 --- [Reservation] [restartedMain] o.h.e.t.j.p.i.JtaPlatformInitiator       : HHH000489: No JTA platform available (set 'hibernate.transaction.jta.platform' to enable JTA platform integration)
2026-04-29T10:19:04.831+05:30  INFO 19524 --- [Reservation] [restartedMain] j.LocalContainerEntityManagerFactoryBean : Initialized JPA EntityManagerFactory for persistence unit 'default'
2026-04-29T10:19:04.892+05:30  INFO 19524 --- [Reservation] [restartedMain] o.s.b.c.r.s.JobRepositoryFactoryBean     : No database type set, using meta data indicating: MYSQL
2026-04-29T10:19:04.911+05:30  INFO 19524 --- [Reservation] [restartedMain] o.s.b.c.l.support.SimpleJobLauncher      : No TaskExecutor has been set, defaulting to synchronous executor.
2026-04-29T10:19:05.274+05:30  INFO 19524 --- [Reservation] [restartedMain] o.s.d.j.r.query.QueryEnhancerFactory     : Hibernate is in classpath; If applicable, HQL parser will be used.
2026-04-29T10:19:05.323+05:30  INFO 19524 --- [Reservation] [restartedMain] .c.a.BatchObservabilityBeanPostProcessor : No Micrometer observation registry found, defaulting to ObservationRegistry.NOOP
2026-04-29T10:19:05.331+05:30  INFO 19524 --- [Reservation] [restartedMain] .c.a.BatchObservabilityBeanPostProcessor : No Micrometer observation registry found, defaulting to ObservationRegistry.NOOP
2026-04-29T10:19:05.711+05:30  INFO 19524 --- [Reservation] [restartedMain] .c.a.BatchObservabilityBeanPostProcessor : No Micrometer observation registry found, defaulting to ObservationRegistry.NOOP
2026-04-29T10:19:05.711+05:30  INFO 19524 --- [Reservation] [restartedMain] .c.a.BatchObservabilityBeanPostProcessor : No Micrometer observation registry found, defaulting to ObservationRegistry.NOOP
2026-04-29T10:19:05.731+05:30  INFO 19524 --- [Reservation] [restartedMain] .c.a.BatchObservabilityBeanPostProcessor : No Micrometer observation registry found, defaulting to ObservationRegistry.NOOP
2026-04-29T10:19:05.731+05:30  INFO 19524 --- [Reservation] [restartedMain] .c.a.BatchObservabilityBeanPostProcessor : No Micrometer observation registry found, defaulting to ObservationRegistry.NOOP
2026-04-29T10:19:06.003+05:30  WARN 19524 --- [Reservation] [restartedMain] JpaBaseConfiguration$JpaWebConfiguration : spring.jpa.open-in-view is enabled by default. Therefore, database queries may be performed during view rendering. Explicitly configure spring.jpa.open-in-view to disable this warning
2026-04-29T10:19:06.451+05:30  INFO 19524 --- [Reservation] [restartedMain] o.s.b.d.a.OptionalLiveReloadServer       : LiveReload server is running on port 35729
2026-04-29T10:19:06.481+05:30  INFO 19524 --- [Reservation] [restartedMain] o.s.b.w.embedded.tomcat.TomcatWebServer  : Tomcat started on port 8080 (http) with context path ''
2026-04-29T10:19:06.500+05:30  INFO 19524 --- [Reservation] [restartedMain] c.e.Reservation.ReservationApplication   : Started ReservationApplication in 5.909 seconds (process running for 6.479)
2026-04-29T10:20:15.767+05:30  INFO 19524 --- [Reservation] [http-nio-8080-exec-1] o.a.c.c.C.[Tomcat].[localhost].[/]       : Initializing Spring DispatcherServlet 'dispatcherServlet'
2026-04-29T10:20:15.768+05:30  INFO 19524 --- [Reservation] [http-nio-8080-exec-1] o.s.web.servlet.DispatcherServlet        : Initializing Servlet 'dispatcherServlet'
2026-04-29T10:20:15.769+05:30  INFO 19524 --- [Reservation] [http-nio-8080-exec-1] o.s.web.servlet.DispatcherServlet        : Completed initialization in 1 ms
2026-04-29T10:20:16.671+05:30  INFO 19524 --- [Reservation] [http-nio-8080-exec-8] o.springdoc.api.AbstractOpenApiResource  : Init duration for springdoc-openapi is: 654 ms
